
> prepify@1.0.0 import:json
> tsx scripts/import-from-json.ts --debug

[dotenv@17.2.1] injecting env (5) from .env.local -- tip: ⚙️  load multiple .env files with { path: ['.env.local', '.env'] }
🚀 Starting JSON import process...
🐛 Debug mode enabled
📁 Found 1 JSON files in data/questions/
📖 Processing file: /Users/dhilanmartin/Documents/cursor/untitled folder/SaaS-Boilerplate/data/questions/SAT-Math-Set-02.json
📊 Processing 1 dataset(s)...

📚 Processing PDF Set: SAT-Math-Set-02
   Storage Path: data/pdfs/SAT-Math-Set-02.pdf
   Questions: 25
✅ PDF Set ID: fd397917-c1a4-42f6-9a10-26486c9cd93a
  Question 1: {
  index: 0,
  rawKeys: [
    'question_number',
    'title',
    'content',
    'options',
    'correct_answer',
    'explanation',
    'section',
    'topic',
    'difficulty',
    'pdf_page_from',
    'pdf_page_to',
    'question_uid'
  ],
  hasContent: true,
  hasAnswer: true,
  optionsType: 'array',
  difficultyRaw: 'medium'
}
  Question 2: {
  index: 1,
  rawKeys: [
    'question_number',
    'title',
    'content',
    'options',
    'correct_answer',
    'explanation',
    'section',
    'topic',
    'difficulty',
    'pdf_page_from',
    'pdf_page_to',
    'question_uid'
  ],
  hasContent: true,
  hasAnswer: true,
  optionsType: 'array',
  difficultyRaw: 'medium'
}
  Question 3: {
  index: 2,
  rawKeys: [
    'question_number',
    'title',
    'content',
    'options',
    'correct_answer',
    'explanation',
    'section',
    'topic',
    'difficulty',
    'pdf_page_from',
    'pdf_page_to',
    'question_uid'
  ],
  hasContent: true,
  hasAnswer: true,
  optionsType: 'array',
  difficultyRaw: 'medium'
}
  Question 4: {
  index: 3,
  rawKeys: [
    'question_number',
    'title',
    'content',
    'options',
    'correct_answer',
    'explanation',
    'section',
    'topic',
    'difficulty',
    'pdf_page_from',
    'pdf_page_to',
    'question_uid'
  ],
  hasContent: true,
  hasAnswer: true,
  optionsType: 'array',
  difficultyRaw: 'medium'
}
  Question 5: {
  index: 4,
  rawKeys: [
    'question_number',
    'title',
    'content',
    'options',
    'correct_answer',
    'explanation',
    'section',
    'topic',
    'difficulty',
    'pdf_page_from',
    'pdf_page_to',
    'question_uid'
  ],
  hasContent: true,
  hasAnswer: true,
  optionsType: 'array',
  difficultyRaw: 'medium'
}
  Question 6: {
  index: 5,
  rawKeys: [
    'question_number',
    'title',
    'content',
    'options',
    'correct_answer',
    'explanation',
    'section',
    'topic',
    'difficulty',
    'pdf_page_from',
    'pdf_page_to',
    'question_uid'
  ],
  hasContent: true,
  hasAnswer: true,
  optionsType: 'array',
  difficultyRaw: 'medium'
}
  Question 7: {
  index: 6,
  rawKeys: [
    'question_number',
    'title',
    'content',
    'options',
    'correct_answer',
    'explanation',
    'section',
    'topic',
    'difficulty',
    'pdf_page_from',
    'pdf_page_to',
    'question_uid'
  ],
  hasContent: true,
  hasAnswer: true,
  optionsType: 'array',
  difficultyRaw: 'medium'
}
  Question 8: {
  index: 7,
  rawKeys: [
    'question_number',
    'title',
    'content',
    'options',
    'correct_answer',
    'explanation',
    'section',
    'topic',
    'difficulty',
    'pdf_page_from',
    'pdf_page_to',
    'question_uid'
  ],
  hasContent: true,
  hasAnswer: true,
  optionsType: 'array',
  difficultyRaw: 'medium'
}
  Question 9: {
  index: 8,
  rawKeys: [
    'question_number',
    'title',
    'content',
    'options',
    'correct_answer',
    'explanation',
    'section',
    'topic',
    'difficulty',
    'pdf_page_from',
    'pdf_page_to',
    'question_uid'
  ],
  hasContent: true,
  hasAnswer: true,
  optionsType: 'array',
  difficultyRaw: 'medium'
}
  Question 10: {
  index: 9,
  rawKeys: [
    'question_number',
    'title',
    'content',
    'options',
    'correct_answer',
    'explanation',
    'section',
    'topic',
    'difficulty',
    'pdf_page_from',
    'pdf_page_to',
    'question_uid'
  ],
  hasContent: true,
  hasAnswer: true,
  optionsType: 'array',
  difficultyRaw: 'medium'
}
  Question 11: {
  index: 10,
  rawKeys: [
    'question_number',
    'title',
    'content',
    'options',
    'correct_answer',
    'explanation',
    'section',
    'topic',
    'difficulty',
    'pdf_page_from',
    'pdf_page_to',
    'question_uid'
  ],
  hasContent: true,
  hasAnswer: true,
  optionsType: 'array',
  difficultyRaw: 'medium'
}
  Question 12: {
  index: 11,
  rawKeys: [
    'question_number',
    'title',
    'content',
    'options',
    'correct_answer',
    'explanation',
    'section',
    'topic',
    'difficulty',
    'pdf_page_from',
    'pdf_page_to',
    'question_uid'
  ],
  hasContent: true,
  hasAnswer: true,
  optionsType: 'array',
  difficultyRaw: 'medium'
}
  Question 13: {
  index: 12,
  rawKeys: [
    'question_number',
    'title',
    'content',
    'options',
    'correct_answer',
    'explanation',
    'section',
    'topic',
    'difficulty',
    'pdf_page_from',
    'pdf_page_to',
    'question_uid'
  ],
  hasContent: true,
  hasAnswer: true,
  optionsType: 'array',
  difficultyRaw: 'medium'
}
  Question 14: {
  index: 13,
  rawKeys: [
    'question_number',
    'title',
    'content',
    'options',
    'correct_answer',
    'explanation',
    'section',
    'topic',
    'difficulty',
    'pdf_page_from',
    'pdf_page_to',
    'question_uid'
  ],
  hasContent: true,
  hasAnswer: true,
  optionsType: 'array',
  difficultyRaw: 'medium'
}
  Question 15: {
  index: 14,
  rawKeys: [
    'question_number',
    'title',
    'content',
    'options',
    'correct_answer',
    'explanation',
    'section',
    'topic',
    'difficulty',
    'pdf_page_from',
    'pdf_page_to',
    'question_uid'
  ],
  hasContent: true,
  hasAnswer: true,
  optionsType: 'array',
  difficultyRaw: 'medium'
}
  Question 16: {
  index: 15,
  rawKeys: [
    'question_number',
    'title',
    'content',
    'options',
    'correct_answer',
    'explanation',
    'section',
    'topic',
    'difficulty',
    'pdf_page_from',
    'pdf_page_to',
    'question_uid'
  ],
  hasContent: true,
  hasAnswer: true,
  optionsType: 'array',
  difficultyRaw: 'medium'
}
  Question 17: {
  index: 16,
  rawKeys: [
    'question_number',
    'title',
    'content',
    'options',
    'correct_answer',
    'explanation',
    'section',
    'topic',
    'difficulty',
    'pdf_page_from',
    'pdf_page_to',
    'question_uid'
  ],
  hasContent: true,
  hasAnswer: true,
  optionsType: 'array',
  difficultyRaw: 'medium'
}
  Question 18: {
  index: 17,
  rawKeys: [
    'question_number',
    'title',
    'content',
    'options',
    'correct_answer',
    'explanation',
    'section',
    'topic',
    'difficulty',
    'pdf_page_from',
    'pdf_page_to',
    'question_uid'
  ],
  hasContent: true,
  hasAnswer: true,
  optionsType: 'array',
  difficultyRaw: 'medium'
}
  Question 19: {
  index: 18,
  rawKeys: [
    'question_number',
    'title',
    'content',
    'options',
    'correct_answer',
    'explanation',
    'section',
    'topic',
    'difficulty',
    'pdf_page_from',
    'pdf_page_to',
    'question_uid'
  ],
  hasContent: true,
  hasAnswer: true,
  optionsType: 'array',
  difficultyRaw: 'medium'
}
  Question 20: {
  index: 19,
  rawKeys: [
    'question_number',
    'title',
    'content',
    'options',
    'correct_answer',
    'explanation',
    'section',
    'topic',
    'difficulty',
    'pdf_page_from',
    'pdf_page_to',
    'question_uid'
  ],
  hasContent: true,
  hasAnswer: true,
  optionsType: 'array',
  difficultyRaw: 'medium'
}
  Question 21: {
  index: 20,
  rawKeys: [
    'question_number',
    'title',
    'content',
    'options',
    'correct_answer',
    'explanation',
    'section',
    'topic',
    'difficulty',
    'pdf_page_from',
    'pdf_page_to',
    'question_uid'
  ],
  hasContent: true,
  hasAnswer: true,
  optionsType: 'array',
  difficultyRaw: 'medium'
}
  Question 22: {
  index: 21,
  rawKeys: [
    'question_number',
    'title',
    'content',
    'options',
    'correct_answer',
    'explanation',
    'section',
    'topic',
    'difficulty',
    'pdf_page_from',
    'pdf_page_to',
    'question_uid'
  ],
  hasContent: true,
  hasAnswer: true,
  optionsType: 'array',
  difficultyRaw: 'medium'
}
  Question 23: {
  index: 22,
  rawKeys: [
    'question_number',
    'title',
    'content',
    'options',
    'correct_answer',
    'explanation',
    'section',
    'topic',
    'difficulty',
    'pdf_page_from',
    'pdf_page_to',
    'question_uid'
  ],
  hasContent: true,
  hasAnswer: true,
  optionsType: 'array',
  difficultyRaw: 'medium'
}
  Question 24: {
  index: 23,
  rawKeys: [
    'question_number',
    'title',
    'content',
    'options',
    'correct_answer',
    'explanation',
    'section',
    'topic',
    'difficulty',
    'pdf_page_from',
    'pdf_page_to',
    'question_uid'
  ],
  hasContent: true,
  hasAnswer: true,
  optionsType: 'array',
  difficultyRaw: 'medium'
}
  Question 25: {
  index: 24,
  rawKeys: [
    'question_number',
    'title',
    'content',
    'options',
    'correct_answer',
    'explanation',
    'section',
    'topic',
    'difficulty',
    'pdf_page_from',
    'pdf_page_to',
    'question_uid'
  ],
  hasContent: true,
  hasAnswer: true,
  optionsType: 'array',
  difficultyRaw: 'medium'
}
   ✅ Inserted: 0, Updated: 25, Skipped: 0, Errors: 0

🎉 Import Summary:
   📥 Inserted: 0
   🔄 Updated: 25
   ⏭️  Skipped: 0
   ❌ Errors: 0
   📊 Total Processed: 25
